<?xml version="1.0" encoding="UTF-8"?>
<!-- Generated by org.testng.reporters.JUnitReportReporter -->
<testsuite skipped="0" hostname="MSEN2.local" name="test.TestRunnerMobile" tests="3" failures="0" timestamp="2022-01-24T09:55:06 EET" time="19.114" errors="3">
  <testcase name="scenario" time="3.798" classname="test.TestRunnerMobile">
    <error type="java.lang.NullPointerException">
      <![CDATA[java.lang.NullPointerException
at java.util.Objects.requireNonNull(Objects.java:203)
at org.openqa.selenium.support.ui.FluentWait.<init>(FluentWait.java:106)
at org.openqa.selenium.support.ui.WebDriverWait.<init>(WebDriverWait.java:85)
at org.openqa.selenium.support.ui.WebDriverWait.<init>(WebDriverWait.java:45)
at page.PageBaseWeb.<init>(PageBaseWeb.java:56)
at mobile.pages.pageAnaSayfa.<init>(pageAnaSayfa.java:19)
at mobile.stepDefinitions.stepDefBase.setupScreens(stepDefBase.java:42)
at mobile.stepDefinitions.mobileSteps.BeforeStep(mobileSteps.java:17)
]]>
    </error>
  </testcase> <!-- scenario -->
  <system-out/>
  <testcase name="scenario" time="4.653" classname="test.TestRunnerMobile">
    <error type="java.lang.NullPointerException">
      <![CDATA[java.lang.NullPointerException
at java.util.Objects.requireNonNull(Objects.java:203)
at org.openqa.selenium.support.ui.FluentWait.<init>(FluentWait.java:106)
at org.openqa.selenium.support.ui.WebDriverWait.<init>(WebDriverWait.java:85)
at org.openqa.selenium.support.ui.WebDriverWait.<init>(WebDriverWait.java:45)
at page.PageBaseWeb.<init>(PageBaseWeb.java:56)
at mobile.pages.pageAnaSayfa.<init>(pageAnaSayfa.java:19)
at mobile.stepDefinitions.stepDefBase.setupScreens(stepDefBase.java:42)
at mobile.stepDefinitions.mobileSteps.BeforeStep(mobileSteps.java:17)
]]>
    </error>
  </testcase> <!-- scenario -->
  <system-out/>
  <testcase name="scenario" time="10.663" classname="test.TestRunnerMobile">
    <error type="java.lang.NullPointerException">
      <![CDATA[java.lang.NullPointerException
at java.util.Objects.requireNonNull(Objects.java:203)
at org.openqa.selenium.support.ui.FluentWait.<init>(FluentWait.java:106)
at org.openqa.selenium.support.ui.WebDriverWait.<init>(WebDriverWait.java:85)
at org.openqa.selenium.support.ui.WebDriverWait.<init>(WebDriverWait.java:45)
at page.PageBaseWeb.<init>(PageBaseWeb.java:56)
at mobile.pages.pageAnaSayfa.<init>(pageAnaSayfa.java:19)
at mobile.stepDefinitions.stepDefBase.setupScreens(stepDefBase.java:42)
at mobile.stepDefinitions.mobileSteps.BeforeStep(mobileSteps.java:17)
]]>
    </error>
  </testcase> <!-- scenario -->
  <system-out/>
</testsuite> <!-- test.TestRunnerMobile -->
