<?xml version="1.0" encoding="UTF-8"?>
<!-- Generated by org.testng.reporters.JUnitReportReporter -->
<testsuite skipped="0" hostname="MSEN2.local" name="test.TestRunnerAndroid" tests="1" failures="1" timestamp="2022-01-19T10:48:37 EET" time="390.969" errors="0">
  <testcase name="scenario" time="390.969" classname="test.TestRunnerAndroid">
    <failure type="java.lang.AssertionError" message="Content Steps senaryosunda bulunan hatalar : 
	
 Step No: 15
 Step Name: android - Maç Kartı filtresinde &quot;İstatistik&quot; alanına tıklanır.
error:  expected [true] but found [false]
	
 Step No: 16
 Step Name: android - Maç Kartı Odd filtresinden &quot;Karşılaştırma&quot; alanına tıklanır.
error: &gt;&gt;&gt; clickAttribute(*buttonSelect); fonksiyonu çalışmadı !!!
	
 Step No: 18
 Step Name: android - Maç Kartında İstatistiklerin gösterildiği kontrol edilir.
error: &gt;&gt;&gt; readText(#textViewStatistics); fonksiyonu çalışmadı !!!">
      <![CDATA[java.lang.AssertionError: Content Steps senaryosunda bulunan hatalar : 

 Step No: 15
 Step Name: android - Maç Kartı filtresinde "İstatistik" alanına tıklanır.
error:  expected [true] but found [false]

 Step No: 16
 Step Name: android - Maç Kartı Odd filtresinden "Karşılaştırma" alanına tıklanır.
error: >>> clickAttribute(*buttonSelect); fonksiyonu çalışmadı !!!

 Step No: 18
 Step Name: android - Maç Kartında İstatistiklerin gösterildiği kontrol edilir.
error: >>> readText(#textViewStatistics); fonksiyonu çalışmadı !!!
at utilities.SoftAssert.assertAll(SoftAssert.java:102)
at android.stepDefinitions.androidSteps.AfterScenario(androidSteps.java:30)
]]>
    </failure>
  </testcase> <!-- scenario -->
  <system-out/>
</testsuite> <!-- test.TestRunnerAndroid -->
