<?xml version="1.0" encoding="UTF-8"?>
<!-- Generated by org.testng.reporters.JUnitXMLReporter -->
<testsuite hostname="MSEN2.local" ignored="0" name="Test 1" tests="15" failures="2" timestamp="2022-01-10T22:46:32 EET" time="2367.415" errors="0">
  <testcase name="scenario" time="120.112" classname="test.TestRunnerMobile"/>
  <testcase name="scenario" time="116.407" classname="test.TestRunnerMobile"/>
  <testcase name="scenario" time="117.133" classname="test.TestRunnerMobile"/>
  <testcase name="scenario" time="120.305" classname="test.TestRunnerMobile"/>
  <testcase name="scenario" time="117.599" classname="test.TestRunnerMobile"/>
  <testcase name="scenario" time="116.682" classname="test.TestRunnerMobile"/>
  <testcase name="scenario" time="117.96" classname="test.TestRunnerMobile"/>
  <testcase name="scenario" time="118.346" classname="test.TestRunnerMobile"/>
  <testcase name="scenario" time="124.193" classname="test.TestRunnerMobile"/>
  <testcase name="scenario" time="118.024" classname="test.TestRunnerMobile"/>
  <testcase name="scenario" time="116.201" classname="test.TestRunnerMobile"/>
  <testcase name="scenario" time="805.019" classname="test.TestRunnerMobile"/>
  <testcase name="scenario" time="119.32" classname="test.TestRunnerMobile"/>
  <testcase name="scenario" time="31.046" classname="test.TestRunnerMobile">
    <failure type="java.lang.AssertionError" message="Puan Durumu textli element bulunamadı.">
      <![CDATA[java.lang.AssertionError: Puan Durumu textli element bulunamadı.
at page.PageBaseWeb.throwFail(PageBaseWeb.java:775)
at mobile.pages.pageMacKarti.Odd_Alan_Tikla(pageMacKarti.java:237)
at mobile.stepDefinitions.mobileSteps.mac_karti_odd_filtresinden_alanina_tiklanir(mobileSteps.java:1013)
at ✽.mobile - Maç Kartı Odd filtresinden "Puan Durumu" alanına tıklanır.(file:///Users/metin.sen/Documents/GitLab/bilyoner_test_cucumber/src/test/java/mobile/features/mobileSanityOne.feature:2339)
... Removed 1 stack frames]]>
    </failure>
  </testcase> <!-- scenario -->
  <testcase name="scenario" time="31.261" classname="test.TestRunnerMobile">
    <failure type="java.lang.AssertionError" message="Puan Durumu textli element bulunamadı.">
      <![CDATA[java.lang.AssertionError: Puan Durumu textli element bulunamadı.
at page.PageBaseWeb.throwFail(PageBaseWeb.java:775)
at mobile.pages.pageMacKarti.Odd_Alan_Tikla(pageMacKarti.java:237)
at mobile.stepDefinitions.mobileSteps.mac_karti_odd_filtresinden_alanina_tiklanir(mobileSteps.java:1013)
at ✽.mobile - Maç Kartı Odd filtresinden "Puan Durumu" alanına tıklanır.(file:///Users/metin.sen/Documents/GitLab/bilyoner_test_cucumber/src/test/java/mobile/features/mobileSanityOne.feature:2516)
... Removed 1 stack frames]]>
    </failure>
  </testcase> <!-- scenario -->
</testsuite> <!-- Test 1 -->
