<?xml version="1.0" encoding="UTF-8"?>
<!-- Generated by org.testng.reporters.JUnitXMLReporter -->
<testsuite hostname="MSEN2.local" ignored="0" name="Tests" tests="3" failures="3" timestamp="2022-01-24T09:55:06 EET" time="20.069" errors="0">
  <testcase name="scenario" time="0.207" classname="test.TestRunnerMobile">
    <failure type="java.lang.NullPointerException">
      <![CDATA[java.lang.NullPointerException
at java.util.Objects.requireNonNull(Objects.java:203)
at org.openqa.selenium.support.ui.FluentWait.<init>(FluentWait.java:106)
at org.openqa.selenium.support.ui.WebDriverWait.<init>(WebDriverWait.java:85)
at org.openqa.selenium.support.ui.WebDriverWait.<init>(WebDriverWait.java:45)
at page.PageBaseWeb.<init>(PageBaseWeb.java:56)
at mobile.pages.pageAnaSayfa.<init>(pageAnaSayfa.java:19)
at mobile.stepDefinitions.stepDefBase.setupScreens(stepDefBase.java:42)
at mobile.stepDefinitions.mobileSteps.BeforeStep(mobileSteps.java:17)
]]>
    </failure>
  </testcase> <!-- scenario -->
  <testcase name="scenario" time="0.152" classname="test.TestRunnerMobile">
    <failure type="java.lang.NullPointerException">
      <![CDATA[java.lang.NullPointerException
at java.util.Objects.requireNonNull(Objects.java:203)
at org.openqa.selenium.support.ui.FluentWait.<init>(FluentWait.java:106)
at org.openqa.selenium.support.ui.WebDriverWait.<init>(WebDriverWait.java:85)
at org.openqa.selenium.support.ui.WebDriverWait.<init>(WebDriverWait.java:45)
at page.PageBaseWeb.<init>(PageBaseWeb.java:56)
at mobile.pages.pageAnaSayfa.<init>(pageAnaSayfa.java:19)
at mobile.stepDefinitions.stepDefBase.setupScreens(stepDefBase.java:42)
at mobile.stepDefinitions.mobileSteps.BeforeStep(mobileSteps.java:17)
]]>
    </failure>
  </testcase> <!-- scenario -->
  <testcase name="scenario" time="0.074" classname="test.TestRunnerMobile">
    <failure type="java.lang.NullPointerException">
      <![CDATA[java.lang.NullPointerException
at java.util.Objects.requireNonNull(Objects.java:203)
at org.openqa.selenium.support.ui.FluentWait.<init>(FluentWait.java:106)
at org.openqa.selenium.support.ui.WebDriverWait.<init>(WebDriverWait.java:85)
at org.openqa.selenium.support.ui.WebDriverWait.<init>(WebDriverWait.java:45)
at page.PageBaseWeb.<init>(PageBaseWeb.java:56)
at mobile.pages.pageAnaSayfa.<init>(pageAnaSayfa.java:19)
at mobile.stepDefinitions.stepDefBase.setupScreens(stepDefBase.java:42)
at mobile.stepDefinitions.mobileSteps.BeforeStep(mobileSteps.java:17)
]]>
    </failure>
  </testcase> <!-- scenario -->
</testsuite> <!-- Tests -->
